<?xml version="1.0" encoding="UTF-8"?>
<testng-results skipped="0" failed="0" total="10" passed="10">
  <reporter-output>
  </reporter-output>
  <suite name="com.shilpi.springmvc.controller.AppControllerTest" duration-ms="713" started-at="2019-08-05T09:45:41Z" finished-at="2019-08-05T09:45:42Z">
    <groups>
    </groups>
    <test name="Command line test" duration-ms="713" started-at="2019-08-05T09:45:41Z" finished-at="2019-08-05T09:45:42Z">
      <class name="com.shilpi.springmvc.controller.AppControllerTest">
        <test-method status="PASS" signature="setUp()[pri:0, instance:com.shilpi.springmvc.controller.AppControllerTest@2ed94a8b]" name="setUp" is-config="true" duration-ms="573" started-at="2019-08-05T15:15:41Z" finished-at="2019-08-05T15:15:42Z">
          <reporter-output>
          </reporter-output>
        </test-method> <!-- setUp -->
        <test-method status="PASS" signature="deleteEmployee()[pri:0, instance:com.shilpi.springmvc.controller.AppControllerTest@2ed94a8b]" name="deleteEmployee" duration-ms="25" started-at="2019-08-05T15:15:42Z" finished-at="2019-08-05T15:15:42Z">
          <reporter-output>
          </reporter-output>
        </test-method> <!-- deleteEmployee -->
        <test-method status="PASS" signature="editEmployee()[pri:0, instance:com.shilpi.springmvc.controller.AppControllerTest@2ed94a8b]" name="editEmployee" duration-ms="48" started-at="2019-08-05T15:15:42Z" finished-at="2019-08-05T15:15:42Z">
          <reporter-output>
          </reporter-output>
        </test-method> <!-- editEmployee -->
        <test-method status="PASS" signature="listEmployees()[pri:0, instance:com.shilpi.springmvc.controller.AppControllerTest@2ed94a8b]" name="listEmployees" duration-ms="16" started-at="2019-08-05T15:15:42Z" finished-at="2019-08-05T15:15:42Z">
          <reporter-output>
          </reporter-output>
        </test-method> <!-- listEmployees -->
        <test-method status="PASS" signature="newEmployee()[pri:0, instance:com.shilpi.springmvc.controller.AppControllerTest@2ed94a8b]" name="newEmployee" duration-ms="0" started-at="2019-08-05T15:15:42Z" finished-at="2019-08-05T15:15:42Z">
          <reporter-output>
          </reporter-output>
        </test-method> <!-- newEmployee -->
        <test-method status="PASS" signature="saveEmployeeWithSuccess()[pri:0, instance:com.shilpi.springmvc.controller.AppControllerTest@2ed94a8b]" name="saveEmployeeWithSuccess" duration-ms="2" started-at="2019-08-05T15:15:42Z" finished-at="2019-08-05T15:15:42Z">
          <reporter-output>
          </reporter-output>
        </test-method> <!-- saveEmployeeWithSuccess -->
        <test-method status="PASS" signature="saveEmployeeWithValidationError()[pri:0, instance:com.shilpi.springmvc.controller.AppControllerTest@2ed94a8b]" name="saveEmployeeWithValidationError" duration-ms="1" started-at="2019-08-05T15:15:42Z" finished-at="2019-08-05T15:15:42Z">
          <reporter-output>
          </reporter-output>
        </test-method> <!-- saveEmployeeWithValidationError -->
        <test-method status="PASS" signature="saveEmployeeWithValidationErrorNonUniqueSSN()[pri:0, instance:com.shilpi.springmvc.controller.AppControllerTest@2ed94a8b]" name="saveEmployeeWithValidationErrorNonUniqueSSN" duration-ms="3" started-at="2019-08-05T15:15:42Z" finished-at="2019-08-05T15:15:42Z">
          <reporter-output>
          </reporter-output>
        </test-method> <!-- saveEmployeeWithValidationErrorNonUniqueSSN -->
        <test-method status="PASS" signature="updateEmployeeWithSuccess()[pri:0, instance:com.shilpi.springmvc.controller.AppControllerTest@2ed94a8b]" name="updateEmployeeWithSuccess" duration-ms="1" started-at="2019-08-05T15:15:42Z" finished-at="2019-08-05T15:15:42Z">
          <reporter-output>
          </reporter-output>
        </test-method> <!-- updateEmployeeWithSuccess -->
        <test-method status="PASS" signature="updateEmployeeWithValidationError()[pri:0, instance:com.shilpi.springmvc.controller.AppControllerTest@2ed94a8b]" name="updateEmployeeWithValidationError" duration-ms="0" started-at="2019-08-05T15:15:42Z" finished-at="2019-08-05T15:15:42Z">
          <reporter-output>
          </reporter-output>
        </test-method> <!-- updateEmployeeWithValidationError -->
        <test-method status="PASS" signature="updateEmployeeWithValidationErrorNonUniqueSSN()[pri:0, instance:com.shilpi.springmvc.controller.AppControllerTest@2ed94a8b]" name="updateEmployeeWithValidationErrorNonUniqueSSN" duration-ms="1" started-at="2019-08-05T15:15:42Z" finished-at="2019-08-05T15:15:42Z">
          <reporter-output>
          </reporter-output>
        </test-method> <!-- updateEmployeeWithValidationErrorNonUniqueSSN -->
      </class> <!-- com.shilpi.springmvc.controller.AppControllerTest -->
    </test> <!-- Command line test -->
  </suite> <!-- com.shilpi.springmvc.controller.AppControllerTest -->
</testng-results>
